2024-10-01 22:33:10,447 - INFO - 
=== 分组: 生产环境 ===
2024-10-01 22:33:10,448 - INFO - 
=== 分组: 测试环境 ===
2024-10-01 22:33:10,449 - INFO - 
=== 分组: 区域性网站 ===
2024-10-01 22:33:10,513 - ERROR - 区域性网站 - [错误] 网站: 欧洲网站 - URL: http://europe.example.com - 原因: 无法连接
2024-10-01 22:33:10,597 - INFO - 生产环境 - [成功] 网站: 示例网站 - URL: http://www.baidu.com - 状态码: 200 - 原因: OK - 用时: 0.15 秒
2024-10-01 22:33:10,726 - INFO - 区域性网站 - [成功] 网站: 亚洲网站 - URL: https://www.sohu.com - 状态码: 403 - 原因: Forbidden - 用时: 0.28 秒
2024-10-01 22:33:10,728 - INFO - 测试环境 - [成功] 网站: 测试网站1 - URL: https://www.taobao.com - 状态码: 200 - 原因: OK - 用时: 0.28 秒
2024-10-01 22:33:10,776 - INFO - 生产环境 - [成功] 网站: 另一个生产网站 - URL: https://www.cib.com.cn - 状态码: 200 - 原因: OK - 用时: 0.33 秒
2024-10-01 22:33:10,942 - INFO - 测试环境 - [成功] 网站: 测试网站2 - URL: https://v.qq.com - 状态码: 200 - 原因: OK - 用时: 0.49 秒
2024-10-01 22:53:36,827 - INFO - 
=== 分组: 生产环境 ===
2024-10-01 22:53:36,830 - INFO - 
=== 分组: 测试环境 ===
2024-10-01 22:53:36,831 - INFO - 
=== 分组: 区域性网站 ===
2024-10-01 22:53:36,871 - ERROR - 区域性网站 - [错误] 网站: 欧洲网站 - URL: http://europe.example.com - 原因: 无法连接
2024-10-01 22:53:37,000 - INFO - 生产环境 - [成功] 网站: 示例网站 - URL: http://www.baidu.com - 状态码: 200 - 原因: OK - 用时: 0.17 秒
2024-10-01 22:53:37,040 - INFO - 测试环境 - [成功] 网站: 测试网站1 - URL: https://www.taobao.com - 状态码: 200 - 原因: OK - 用时: 0.21 秒
2024-10-01 22:53:37,091 - INFO - 区域性网站 - [成功] 网站: 亚洲网站 - URL: https://www.sohu.com - 状态码: 403 - 原因: Forbidden - 用时: 0.26 秒
2024-10-01 22:53:37,139 - INFO - 生产环境 - [成功] 网站: 另一个生产网站 - URL: https://www.cib.com.cn - 状态码: 200 - 原因: OK - 用时: 0.31 秒
2024-10-01 22:53:37,349 - INFO - 测试环境 - [成功] 网站: 测试网站2 - URL: https://v.qq.com - 状态码: 200 - 原因: OK - 用时: 0.52 秒
2024-10-01 22:56:17,047 - INFO - 
=== 分组: 生产环境 ===
2024-10-01 22:56:17,048 - INFO - 
=== 分组: 测试环境 ===
2024-10-01 22:56:17,049 - INFO - 
=== 分组: 区域性网站 ===
2024-10-01 22:56:17,087 - ERROR - 区域性网站 - [错误] 网站: 欧洲网站 - URL: http://europe.example.com - 原因: 无法连接
2024-10-01 22:56:17,211 - INFO - 生产环境 - [成功] 网站: 示例网站 - URL: http://www.baidu.com - 状态码: 200 - 原因: OK - 用时: 0.16 秒
2024-10-01 22:56:17,294 - INFO - 区域性网站 - [成功] 网站: 亚洲网站 - URL: https://www.sohu.com - 状态码: 403 - 原因: Forbidden - 用时: 0.24 秒
2024-10-01 22:56:17,296 - INFO - 测试环境 - [成功] 网站: 测试网站1 - URL: https://www.taobao.com - 状态码: 200 - 原因: OK - 用时: 0.25 秒
2024-10-01 22:56:17,311 - INFO - 生产环境 - [成功] 网站: 另一个生产网站 - URL: https://www.cib.com.cn - 状态码: 200 - 原因: OK - 用时: 0.26 秒
2024-10-01 22:56:17,652 - INFO - 测试环境 - [成功] 网站: 测试网站2 - URL: https://v.qq.com - 状态码: 200 - 原因: OK - 用时: 0.6 秒
